Running php-build composer
WARNING! Your password will be stored unencrypted in /home/runner/.docker/config.json.
Configure a credential helper to remove this warning. See
https://docs.docker.com/engine/reference/commandline/login/#credentials-store

Login Succeeded
Pulling docker.pkg.github.com/glpi-project/android-inventory-library/php-actions_composer_android-inventory-library:php-latest-build2.1.0
php-latest-build2.1.0: Pulling from glpi-project/android-inventory-library/php-actions_composer_android-inventory-library
7264a8db6415: Already exists
404102781aa3: Pulling fs layer
7410f32c8672: Pulling fs layer
956dc56ebfa1: Pulling fs layer
ab667de42022: Pulling fs layer
f3bae9f71b13: Pulling fs layer
32b0a344272d: Pulling fs layer
9c4e0b6e75a2: Pulling fs layer
535c52f5d5e7: Pulling fs layer
0889c1ad5172: Pulling fs layer
ab667de42022: Waiting
9c4e0b6e75a2: Waiting
535c52f5d5e7: Waiting
0889c1ad5172: Waiting
f3bae9f71b13: Waiting
32b0a344272d: Waiting
7410f32c8672: Verifying Checksum
7410f32c8672: Download complete
404102781aa3: Verifying Checksum
404102781aa3: Download complete
956dc56ebfa1: Verifying Checksum
956dc56ebfa1: Download complete
404102781aa3: Pull complete
f3bae9f71b13: Verifying Checksum
f3bae9f71b13: Download complete
7410f32c8672: Pull complete
956dc56ebfa1: Pull complete
ab667de42022: Verifying Checksum
ab667de42022: Download complete
32b0a344272d: Verifying Checksum
32b0a344272d: Download complete
ab667de42022: Pull complete
9c4e0b6e75a2: Verifying Checksum
9c4e0b6e75a2: Download complete
f3bae9f71b13: Pull complete
0889c1ad5172: Verifying Checksum
0889c1ad5172: Download complete
535c52f5d5e7: Verifying Checksum
535c52f5d5e7: Download complete
32b0a344272d: Pull complete
9c4e0b6e75a2: Pull complete
535c52f5d5e7: Pull complete
0889c1ad5172: Pull complete
Digest: sha256:1fb7b365a97880b828d0b2d8d8cfaed530bfeaa449add5bb21187f1041ff7079
Status: Downloaded newer image for docker.pkg.github.com/glpi-project/android-inventory-library/php-actions_composer_android-inventory-library:php-latest-build2.1.0
docker.pkg.github.com/glpi-project/android-inventory-library/php-actions_composer_android-inventory-library:php-latest-build2.1.0
Docker tag: docker.pkg.github.com/glpi-project/android-inventory-library/php-actions_composer_android-inventory-library:php-latest-build2.1.0
No private keys supplied
Command: composer install --no-dev --no-progress --no-interaction
Skipping env variable PWD
Skipping env variable HOME
Skipping env variable SHLVL
Skipping env variable PATH
